<?xml version="1.0" encoding="UTF-8"?>
<testsuite xmlns:xsi="http://www.w3.org/2001/XMLSchema-instance" xsi:noNamespaceSchemaLocation="https://maven.apache.org/surefire/maven-surefire-plugin/xsd/surefire-test-report-3.0.xsd" version="3.0" name="es.ieslosalbares.MainTest" time="0.073" tests="1" errors="0" skipped="0" failures="0">
  <properties>
    <property name="java.specification.version" value="22"/>
    <property name="sun.jnu.encoding" value="UTF-8"/>
    <property name="java.class.path" value="/home/joaquin/ENTORNOS/UT03/boletin01/target/test-classes:/home/joaquin/ENTORNOS/UT03/boletin01/target/classes:/home/joaquin/.m2/repository/junit/junit/4.13.2/junit-4.13.2.jar:/home/joaquin/.m2/repository/org/hamcrest/hamcrest-core/1.3/hamcrest-core-1.3.jar:"/>
    <property name="java.vm.vendor" value="Oracle Corporation"/>
    <property name="sun.arch.data.model" value="64"/>
    <property name="java.vendor.url" value="https://java.oracle.com/"/>
    <property name="os.name" value="Linux"/>
    <property name="java.vm.specification.version" value="22"/>
    <property name="user.country" value="ES"/>
    <property name="sun.java.launcher" value="SUN_STANDARD"/>
    <property name="sun.boot.library.path" value="/usr/lib/jvm/jdk-22-oracle-x64/lib"/>
    <property name="sun.java.command" value="/home/joaquin/ENTORNOS/UT03/boletin01/target/surefire/surefirebooter-20250212095838807_3.jar /home/joaquin/ENTORNOS/UT03/boletin01/target/surefire 2025-02-12T09-58-38_709-jvmRun1 surefire-20250212095838807_1tmp surefire_0-20250212095838807_2tmp"/>
    <property name="jdk.debug" value="release"/>
    <property name="test" value="es.ieslosalbares.MainTest"/>
    <property name="surefire.test.class.path" value="/home/joaquin/ENTORNOS/UT03/boletin01/target/test-classes:/home/joaquin/ENTORNOS/UT03/boletin01/target/classes:/home/joaquin/.m2/repository/junit/junit/4.13.2/junit-4.13.2.jar:/home/joaquin/.m2/repository/org/hamcrest/hamcrest-core/1.3/hamcrest-core-1.3.jar:"/>
    <property name="sun.cpu.endian" value="little"/>
    <property name="user.home" value="/home/joaquin"/>
    <property name="user.language" value="es"/>
    <property name="java.specification.vendor" value="Oracle Corporation"/>
    <property name="java.version.date" value="2024-04-16"/>
    <property name="java.home" value="/usr/lib/jvm/jdk-22-oracle-x64"/>
    <property name="file.separator" value="/"/>
    <property name="basedir" value="/home/joaquin/ENTORNOS/UT03/boletin01"/>
    <property name="java.vm.compressedOopsMode" value="Zero based"/>
    <property name="line.separator" value="&#10;"/>
    <property name="java.specification.name" value="Java Platform API Specification"/>
    <property name="java.vm.specification.vendor" value="Oracle Corporation"/>
    <property name="surefire.real.class.path" value="/home/joaquin/ENTORNOS/UT03/boletin01/target/surefire/surefirebooter-20250212095838807_3.jar"/>
    <property name="sun.management.compiler" value="HotSpot 64-Bit Tiered Compilers"/>
    <property name="java.runtime.version" value="22.0.1+8-16"/>
    <property name="user.name" value="joaquin"/>
    <property name="stdout.encoding" value="UTF-8"/>
    <property name="path.separator" value=":"/>
    <property name="os.version" value="5.15.0-131-generic"/>
    <property name="java.runtime.name" value="Java(TM) SE Runtime Environment"/>
    <property name="file.encoding" value="UTF-8"/>
    <property name="java.vm.name" value="Java HotSpot(TM) 64-Bit Server VM"/>
    <property name="maven.ext.class.path" value="/home/joaquin/.vscode/extensions/oracle.oracle-java-23.0.1/nbcode/java/maven-nblib/netbeans-eventspy.jar"/>
    <property name="localRepository" value="/home/joaquin/.m2/repository"/>
    <property name="java.vendor.url.bug" value="https://bugreport.java.com/bugreport/"/>
    <property name="java.io.tmpdir" value="/tmp"/>
    <property name="java.version" value="22.0.1"/>
    <property name="user.dir" value="/home/joaquin/ENTORNOS/UT03/boletin01"/>
    <property name="os.arch" value="amd64"/>
    <property name="java.vm.specification.name" value="Java Virtual Machine Specification"/>
    <property name="native.encoding" value="UTF-8"/>
    <property name="java.library.path" value="/usr/java/packages/lib:/usr/lib64:/lib64:/lib:/usr/lib"/>
    <property name="java.vm.info" value="mixed mode, sharing"/>
    <property name="stderr.encoding" value="UTF-8"/>
    <property name="java.vendor" value="Oracle Corporation"/>
    <property name="java.vm.version" value="22.0.1+8-16"/>
    <property name="sun.io.unicode.encoding" value="UnicodeLittle"/>
    <property name="java.class.version" value="66.0"/>
  </properties>
  <testcase name="testEjercicio01" classname="es.ieslosalbares.MainTest" time="0.019"/>
</testsuite>